#
# This file is produced by:
#   MAPS version 2.2.1a (build 25D09) (2025-04-23)
#   Designed by Nobuya WATANABE, Okayama University
#
#   Tue Dec 09 23:56:52 JST 2025
#

# address - contents   assembly program code
# --------  --------  --------------------------
                    #         .text   
                    # init:
                    #         la      $28, INITIAL_GP
00000000 - 3c011000 #         lui     $1, hi(INITIAL_GP)
00000004 - 343c8000 #         ori     $28, $1, lo(INITIAL_GP)
                    #         la      $29, INITIAL_SP
00000008 - 3c017fff #         lui     $1, hi(INITIAL_SP)
0000000c - 343dfffc #         ori     $29, $1, lo(INITIAL_SP)
00000010 - 0c000400 #         jal     main
00000014 - 00000000 #         nop     
                    #         li      $2, stop_service
00000018 - 3c010000 #         lui     $1, hi(stop_service)
0000001c - 34220063 #         ori     $2, $1, lo(stop_service)
00000020 - 0000000c #         syscall 
00000024 - 00000000 #         nop     
                    # stop:
00000028 - 0800000a #         j       stop
0000002c - 00000000 #         nop     
                    #         .text   4096
                    # main:
                    #         la      $8, RESULT
00001000 - 3c011000 #         lui     $1, hi(RESULT)
00001004 - 34284000 #         ori     $8, $1, lo(RESULT)
00001008 - 8d020000 #         lw      $2, 0($8)
0000100c - 8d020004 #         lw      $2, 4($8)
00001010 - 34020000 #         ori     $2, $0, 0
00001014 - ad020004 #         sw      $2, 4($8)
00001018 - 34020001 #         ori     $2, $0, 1
0000101c - ad020000 #         sw      $2, 0($8)
                    # LOOP:
00001020 - 23bdfffc #         addi    $29, $29, -4
00001024 - afa20000 #         sw      $2, 0($29)
00001028 - 8d020000 #         lw      $2, 0($8)
0000102c - 20430000 #         addi    $3, $2, 0
00001030 - 8fa20000 #         lw      $2, 0($29)
00001034 - 23bd0004 #         addi    $29, $29, 4
00001038 - 0043502a #         slt     $10, $2, $3
0000103c - 11400015 #         beq     $10, $0, EXIT
00001040 - 00000000 #         nop     
00001044 - 8d020004 #         lw      $2, 4($8)
00001048 - 23bdfffc #         addi    $29, $29, -4
0000104c - afa20000 #         sw      $2, 0($29)
00001050 - 34020001 #         ori     $2, $0, 1
00001054 - 20430000 #         addi    $3, $2, 0
00001058 - 8fa20000 #         lw      $2, 0($29)
0000105c - 23bd0004 #         addi    $29, $29, 4
00001060 - 00431020 #         add     $2, $2, $3
00001064 - ad020004 #         sw      $2, 4($8)
00001068 - 8d020000 #         lw      $2, 0($8)
0000106c - 23bdfffc #         addi    $29, $29, -4
00001070 - afa20000 #         sw      $2, 0($29)
00001074 - 34020001 #         ori     $2, $0, 1
00001078 - 20430000 #         addi    $3, $2, 0
0000107c - 8fa20000 #         lw      $2, 0($29)
00001080 - 23bd0004 #         addi    $29, $29, 4
00001084 - 00431020 #         add     $2, $2, $3
00001088 - ad020000 #         sw      $2, 0($8)
0000108c - 08000408 #         j       LOOP
00001090 - 00000000 #         nop     
                    # EXIT:
00001094 - 03e00008 #         jr      $31
00001098 - 00000000 #         nop     
                    #         .data   268451840
                    # RESULT:
                    #         .word   -1
10004000 - ffffffff #         (-1)

